Build started 18/08/2013 6:44:37 PM.
     1>Project "C:\Users\kottlerg\Desktop\Cryptid\Torque3D\My Projects\Cryptid\buildFiles\VisualStudio 2010\projects\opcode.vcxproj" on node 4 (Build target(s)).
     1>ClCompile:
         C:\Program Files (x86)\Microsoft Visual Studio 11.0\VC\bin\CL.exe /c /I../../../../../Engine/lib/opcode /Zi /nologo /W3 /WX- /Ox /Ob2 /Oy- /D TORQUE_OPCODE /D ICE_NO_DLL /D TORQUE_OPCODE /D ICE_NO_DLL /D UNICODE /D _CRT_SECURE_NO_DEPRECATE /D _CRT_SECURE_NO_WARNINGS /GF /Gm- /MT /GS- /Gy /fp:precise /Zc:wchar_t- /Zc:forScope /GR /Fo"../../Link/VC2010.Release.Win32/opcode/" /Fd"../../../../../Engine/lib//compiled/Release.Win32/opcode.pdb" /Gd /TP /wd4244 /wd4305 /wd4530 /wd4355 /analyze- /errorReport:prompt /MP ..\..\..\..\..\Engine\lib\opcode\Opcode.cpp ..\..\..\..\..\Engine\lib\opcode\OPC_AABBCollider.cpp ..\..\..\..\..\Engine\lib\opcode\OPC_AABBTree.cpp ..\..\..\..\..\Engine\lib\opcode\OPC_BaseModel.cpp ..\..\..\..\..\Engine\lib\opcode\OPC_BoxPruning.cpp ..\..\..\..\..\Engine\lib\opcode\OPC_Collider.cpp ..\..\..\..\..\Engine\lib\opcode\OPC_Common.cpp ..\..\..\..\..\Engine\lib\opcode\OPC_HybridModel.cpp ..\..\..\..\..\Engine\lib\opcode\OPC_LSSCollider.cpp ..\..\..\..\..\Engine\lib\opcode\OPC_MeshInterface.cpp ..\..\..\..\..\Engine\lib\opcode\OPC_Model.cpp ..\..\..\..\..\Engine\lib\opcode\OPC_OBBCollider.cpp ..\..\..\..\..\Engine\lib\opcode\OPC_OptimizedTree.cpp ..\..\..\..\..\Engine\lib\opcode\OPC_Picking.cpp ..\..\..\..\..\Engine\lib\opcode\OPC_PlanesCollider.cpp ..\..\..\..\..\Engine\lib\opcode\OPC_RayCollider.cpp ..\..\..\..\..\Engine\lib\opcode\OPC_SphereCollider.cpp ..\..\..\..\..\Engine\lib\opcode\OPC_SweepAndPrune.cpp ..\..\..\..\..\Engine\lib\opcode\OPC_TreeBuilders.cpp ..\..\..\..\..\Engine\lib\opcode\OPC_TreeCollider.cpp ..\..\..\..\..\Engine\lib\opcode\OPC_VolumeCollider.cpp ..\..\..\..\..\Engine\lib\opcode\Ice\IceAABB.cpp ..\..\..\..\..\Engine\lib\opcode\Ice\IceContainer.cpp ..\..\..\..\..\Engine\lib\opcode\Ice\IceHPoint.cpp ..\..\..\..\..\Engine\lib\opcode\Ice\IceIndexedTriangle.cpp ..\..\..\..\..\Engine\lib\opcode\Ice\IceMatrix3x3.cpp ..\..\..\..\..\Engine\lib\opcode\Ice\IceMatrix4x4.cpp ..\..\..\..\..\Engine\lib\opcode\Ice\IceOBB.cpp ..\..\..\..\..\Engine\lib\opcode\Ice\IcePlane.cpp ..\..\..\..\..\Engine\lib\opcode\Ice\IcePoint.cpp ..\..\..\..\..\Engine\lib\opcode\Ice\IceRandom.cpp ..\..\..\..\..\Engine\lib\opcode\Ice\IceRay.cpp ..\..\..\..\..\Engine\lib\opcode\Ice\IceRevisitedRadix.cpp ..\..\..\..\..\Engine\lib\opcode\Ice\IceSegment.cpp ..\..\..\..\..\Engine\lib\opcode\Ice\IceTriangle.cpp ..\..\..\..\..\Engine\lib\opcode\Ice\IceUtils.cpp
         Opcode.cpp
         OPC_AABBCollider.cpp
         OPC_AABBTree.cpp
         OPC_BaseModel.cpp
         Using OPCODE
         Using OPCODE
         Using OPCODE
         Using OPCODE
         Compiling on Windows...
         Compiling with VC++...
         Compiling on Windows...
         Compiling with VC++...
         Compiling on Windows...
         Compiling with VC++...
         Compiling on Windows...
         Compiling with VC++...
         OPC_BoxPruning.cpp
         Using OPCODE
         Compiling on Windows...
         Compiling with VC++...
         OPC_Collider.cpp
         Using OPCODE
         Compiling on Windows...
         Compiling with VC++...
         OPC_Common.cpp
         Using OPCODE
         Compiling on Windows...
         Compiling with VC++...
         OPC_HybridModel.cpp
         Using OPCODE
         Compiling on Windows...
         Compiling with VC++...
         OPC_LSSCollider.cpp
         OPC_MeshInterface.cpp
         Using OPCODE
         Compiling on Windows...
         Compiling with VC++...
         OPC_Model.cpp
         Using OPCODE
         Compiling on Windows...
         Compiling with VC++...
         Using OPCODE
         Compiling on Windows...
         Compiling with VC++...
         OPC_OBBCollider.cpp
         OPC_OptimizedTree.cpp
         OPC_Picking.cpp
         OPC_PlanesCollider.cpp
         Using OPCODE
         Using OPCODE
         Using OPCODE
         Using OPCODE
         Compiling on Windows...
         Compiling with VC++...
         Compiling on Windows...
         Compiling with VC++...
         Compiling on Windows...
         Compiling with VC++...
         Compiling on Windows...
         Compiling with VC++...
         OPC_RayCollider.cpp
         Using OPCODE
         Compiling on Windows...
         Compiling with VC++...
         OPC_SphereCollider.cpp
         OPC_SweepAndPrune.cpp
         Using OPCODE
         Using OPCODE
         Compiling on Windows...
         Compiling with VC++...
         Compiling on Windows...
         Compiling with VC++...
         OPC_TreeBuilders.cpp
         OPC_TreeCollider.cpp
         Using OPCODE
         Using OPCODE
         Compiling on Windows...
         Compiling with VC++...
         OPC_VolumeCollider.cpp
         Compiling on Windows...
         Compiling with VC++...
         Using OPCODE
         IceAABB.cpp
         Compiling on Windows...
         Compiling with VC++...
         Using OPCODE
         Compiling on Windows...
         Compiling with VC++...
         IceContainer.cpp
         IceHPoint.cpp
         Using OPCODE
         Using OPCODE
         Compiling on Windows...
         Compiling with VC++...
         Compiling on Windows...
         Compiling with VC++...
         IceIndexedTriangle.cpp
         IceMatrix3x3.cpp
         Using OPCODE
         Using OPCODE
         Compiling on Windows...
         Compiling with VC++...
         IceMatrix4x4.cpp
         Using OPCODE
         Compiling on Windows...
         Compiling with VC++...
         Compiling on Windows...
         Compiling with VC++...
         IceOBB.cpp
         IcePlane.cpp
         Using OPCODE
         Using OPCODE
         Compiling on Windows...
         Compiling with VC++...
         Compiling on Windows...
         Compiling with VC++...
         IcePoint.cpp
         Using OPCODE
         Compiling on Windows...
         Compiling with VC++...
         IceRandom.cpp
         Using OPCODE
         Compiling on Windows...
         Compiling with VC++...
         IceRay.cpp
         Using OPCODE
         Compiling on Windows...
         Compiling with VC++...
         IceRevisitedRadix.cpp
         Using OPCODE
         Compiling on Windows...
         Compiling with VC++...
         IceSegment.cpp
         Using OPCODE
         IceTriangle.cpp
         Using OPCODE
         Compiling on Windows...
         Compiling with VC++...
         IceUtils.cpp
         Compiling on Windows...
         Compiling with VC++...
         Using OPCODE
         Compiling on Windows...
         Compiling with VC++...
       Lib:
         C:\Program Files (x86)\Microsoft Visual Studio 11.0\VC\bin\Lib.exe /OUT:"../../../../../Engine/lib//compiled/Release.Win32//opcode.lib" /NOLOGO ../../Link/VC2010.Release.Win32/opcode/Opcode.obj
         ../../Link/VC2010.Release.Win32/opcode/OPC_AABBCollider.obj
         ../../Link/VC2010.Release.Win32/opcode/OPC_AABBTree.obj
         ../../Link/VC2010.Release.Win32/opcode/OPC_BaseModel.obj
         ../../Link/VC2010.Release.Win32/opcode/OPC_BoxPruning.obj
         ../../Link/VC2010.Release.Win32/opcode/OPC_Collider.obj
         ../../Link/VC2010.Release.Win32/opcode/OPC_Common.obj
         ../../Link/VC2010.Release.Win32/opcode/OPC_HybridModel.obj
         ../../Link/VC2010.Release.Win32/opcode/OPC_LSSCollider.obj
         ../../Link/VC2010.Release.Win32/opcode/OPC_MeshInterface.obj
         ../../Link/VC2010.Release.Win32/opcode/OPC_Model.obj
         ../../Link/VC2010.Release.Win32/opcode/OPC_OBBCollider.obj
         ../../Link/VC2010.Release.Win32/opcode/OPC_OptimizedTree.obj
         ../../Link/VC2010.Release.Win32/opcode/OPC_Picking.obj
         ../../Link/VC2010.Release.Win32/opcode/OPC_PlanesCollider.obj
         ../../Link/VC2010.Release.Win32/opcode/OPC_RayCollider.obj
         ../../Link/VC2010.Release.Win32/opcode/OPC_SphereCollider.obj
         ../../Link/VC2010.Release.Win32/opcode/OPC_SweepAndPrune.obj
         ../../Link/VC2010.Release.Win32/opcode/OPC_TreeBuilders.obj
         ../../Link/VC2010.Release.Win32/opcode/OPC_TreeCollider.obj
         ../../Link/VC2010.Release.Win32/opcode/OPC_VolumeCollider.obj
         ../../Link/VC2010.Release.Win32/opcode/IceAABB.obj
         ../../Link/VC2010.Release.Win32/opcode/IceContainer.obj
         ../../Link/VC2010.Release.Win32/opcode/IceHPoint.obj
         ../../Link/VC2010.Release.Win32/opcode/IceIndexedTriangle.obj
         ../../Link/VC2010.Release.Win32/opcode/IceMatrix3x3.obj
         ../../Link/VC2010.Release.Win32/opcode/IceMatrix4x4.obj
         ../../Link/VC2010.Release.Win32/opcode/IceOBB.obj
         ../../Link/VC2010.Release.Win32/opcode/IcePlane.obj
         ../../Link/VC2010.Release.Win32/opcode/IcePoint.obj
         ../../Link/VC2010.Release.Win32/opcode/IceRandom.obj
         ../../Link/VC2010.Release.Win32/opcode/IceRay.obj
         ../../Link/VC2010.Release.Win32/opcode/IceRevisitedRadix.obj
         ../../Link/VC2010.Release.Win32/opcode/IceSegment.obj
         ../../Link/VC2010.Release.Win32/opcode/IceTriangle.obj
         ../../Link/VC2010.Release.Win32/opcode/IceUtils.obj
     1>OPC_Picking.obj : warning LNK4221: This object file does not define any previously undefined public symbols, so it will not be used by any link operation that consumes this library
     1>OPC_Common.obj : warning LNK4221: This object file does not define any previously undefined public symbols, so it will not be used by any link operation that consumes this library
         opcode.vcxproj -> C:\Users\kottlerg\Desktop\Cryptid\Torque3D\My Projects\Cryptid\buildFiles\VisualStudio 2010\projects\../../../../../Engine/lib//compiled/Release.Win32/opcode.lib
     1>Done Building Project "C:\Users\kottlerg\Desktop\Cryptid\Torque3D\My Projects\Cryptid\buildFiles\VisualStudio 2010\projects\opcode.vcxproj" (Build target(s)).

Build succeeded.

Time Elapsed 00:00:34.43
